\BOOKMARK [1][-]{section.1}{\376\377\000I\000n\000t\000r\000o\000d\000u\000c\000t\000i\000o\000n}{}% 1
\BOOKMARK [1][-]{section.2}{\376\377\000R\000e\000l\000a\000t\000e\000d\000\040\000W\000o\000r\000k\000s}{}% 2
\BOOKMARK [1][-]{section.3}{\376\377\000P\000r\000e\000l\000i\000m\000i\000n\000a\000r\000i\000e\000s}{}% 3
\BOOKMARK [2][-]{subsection.3.1}{\376\377\000E\000k\000e\000r\000t\000\040\0009\0001\000\040\000P\000r\000o\000t\000o\000c\000o\000l}{section.3}% 4
\BOOKMARK [2][-]{subsection.3.2}{\376\377\000S\000H\000A\0003\000\040\040\023\000\040\0002\0005\0006\000\040\000H\000a\000s\000h\000\040\000F\000u\000n\000c\000t\000i\000o\000n}{section.3}% 5
\BOOKMARK [2][-]{subsection.3.3}{\376\377\000C\000h\000a\000C\000h\000a\0002\0000\000-\000P\000o\000l\000y\0001\0003\0000\0005}{section.3}% 6
\BOOKMARK [2][-]{subsection.3.4}{\376\377\000L\000S\000B\000\040\000S\000t\000e\000g\000a\000n\000o\000g\000r\000a\000p\000h\000y}{section.3}% 7
\BOOKMARK [1][-]{section.4}{\376\377\000M\000e\000t\000h\000o\000d\000o\000l\000o\000g\000y}{}% 8
\BOOKMARK [2][-]{subsection.4.1}{\376\377\000I\000n\000i\000t\000i\000a\000l\000i\000z\000a\000t\000i\000o\000n}{section.4}% 9
\BOOKMARK [2][-]{subsection.4.2}{\376\377\000M\000e\000a\000s\000u\000r\000e\000m\000e\000n\000t}{section.4}% 10
\BOOKMARK [2][-]{subsection.4.3}{\376\377\000E\000n\000c\000r\000y\000p\000t\000i\000o\000n\000\040\000k\000e\000y\000\040\000g\000e\000n\000e\000r\000a\000t\000i\000o\000n}{section.4}% 11
\BOOKMARK [2][-]{subsection.4.4}{\376\377\000S\000t\000e\000g\000a\000n\000o\000g\000r\000a\000p\000h\000i\000c\000\040\000e\000m\000b\000e\000d\000d\000i\000n\000g}{section.4}% 12
\BOOKMARK [2][-]{subsection.4.5}{\376\377\000E\000n\000c\000r\000y\000p\000t\000i\000o\000n\000\040\000a\000n\000d\000\040\000A\000u\000t\000h\000e\000n\000t\000i\000c\000a\000t\000o\000r\000\040\000g\000e\000n\000e\000r\000a\000t\000i\000o\000n}{section.4}% 13
\BOOKMARK [2][-]{subsection.4.6}{\376\377\000D\000e\000c\000r\000y\000p\000t\000i\000o\000n\000\040\000a\000n\000d\000\040\000A\000u\000t\000h\000e\000n\000t\000i\000c\000a\000t\000i\000o\000n}{section.4}% 14
\BOOKMARK [2][-]{subsection.4.7}{\376\377\000S\000t\000e\000g\000a\000n\000o\000g\000r\000a\000p\000h\000y\000\040\000e\000x\000t\000r\000a\000c\000t\000i\000o\000n}{section.4}% 15
\BOOKMARK [1][-]{section.5}{\376\377\000I\000m\000p\000l\000e\000m\000e\000n\000t\000a\000t\000i\000o\000n\000\040\000D\000e\000t\000a\000i\000l\000s}{}% 16
\BOOKMARK [1][-]{section.6}{\376\377\000A\000n\000a\000l\000y\000s\000i\000s}{}% 17
\BOOKMARK [2][-]{subsection.6.1}{\376\377\000A\000n\000a\000l\000y\000s\000i\000s\000\040\000o\000f\000\040\000A\000u\000d\000i\000o\000\040\000P\000r\000o\000p\000e\000r\000t\000i\000e\000s}{section.6}% 18
\BOOKMARK [3][-]{subsubsection.6.1.1}{\376\377\000E\000n\000t\000r\000o\000p\000y\000\040\000A\000n\000a\000l\000y\000s\000i\000s}{subsection.6.1}% 19
\BOOKMARK [3][-]{subsubsection.6.1.2}{\376\377\000C\000o\000r\000r\000e\000l\000a\000t\000i\000o\000n\000\040\000C\000o\000e\000f\000f\000i\000c\000i\000e\000n\000t\000\040\000C\000a\000l\000c\000u\000l\000a\000t\000i\000o\000n}{subsection.6.1}% 20
\BOOKMARK [3][-]{subsubsection.6.1.3}{\376\377\000U\000n\000i\000f\000i\000e\000d\000\040\000A\000v\000e\000r\000a\000g\000e\000\040\000C\000h\000a\000n\000g\000i\000n\000g\000\040\000I\000n\000t\000e\000n\000s\000i\000t\000y\000\040\000\050\000U\000A\000C\000I\000\051}{subsection.6.1}% 21
\BOOKMARK [3][-]{subsubsection.6.1.4}{\376\377\000N\000u\000m\000b\000e\000r\000\040\000o\000f\000\040\000s\000a\000m\000p\000l\000e\000s\000\040\000c\000h\000a\000n\000g\000e\000\040\000r\000a\000t\000e\000\040\000\050\000N\000S\000C\000R\000\051}{subsection.6.1}% 22
\BOOKMARK [2][-]{subsection.6.2}{\376\377\000S\000e\000c\000u\000r\000i\000t\000y\000\040\000A\000n\000a\000l\000y\000s\000i\000s}{section.6}% 23
\BOOKMARK [3][-]{subsubsection.6.2.1}{\376\377\000E\000a\000v\000e\000s\000d\000r\000o\000p\000p\000i\000n\000g\000\040\000A\000n\000a\000l\000y\000s\000i\000s}{subsection.6.2}% 24
\BOOKMARK [3][-]{subsubsection.6.2.2}{\376\377\000T\000a\000m\000p\000e\000r\000i\000n\000g\000\040\000A\000n\000a\000l\000y\000s\000i\000s}{subsection.6.2}% 25
\BOOKMARK [1][-]{section.7}{\376\377\000F\000i\000n\000d\000i\000n\000g\000s\000\040\000a\000n\000d\000\040\000D\000i\000s\000c\000u\000s\000s\000i\000o\000n}{}% 26
\BOOKMARK [1][-]{section.8}{\376\377\000C\000o\000n\000c\000l\000u\000s\000i\000o\000n\000\040\000a\000n\000d\000\040\000F\000u\000t\000u\000r\000e\000\040\000W\000o\000r\000k}{}% 27
